<?xml version="1.0" encoding="UTF-8"?>
<!-- Generated by org.testng.reporters.JUnitReportReporter -->
<testsuite hostname="LAPTOP-O8GG5075" failures="0" tests="1" name="com.Bridgelabz.ListBox" time="0.377" errors="0" timestamp="2022-08-04T12:04:21 IST" skipped="0">
  <testcase classname="com.Bridgelabz.ListBox" name="check_DuplicateValueFromList" time="0.377"/>
  <system-out/>
</testsuite> <!-- com.Bridgelabz.ListBox -->
