<?xml version="1.0" encoding="UTF-8"?>
<!-- Generated by org.testng.reporters.JUnitReportReporter -->
<testsuite hostname="LAPTOP-O8GG5075" failures="0" tests="1" name="com.Bridgelabz.Facebook_Signup" time="27.664" errors="0" timestamp="2022-07-19T14:07:45 IST" skipped="0">
  <testcase classname="com.Bridgelabz.Facebook_Signup" name="signup" time="27.664"/>
  <system-out/>
</testsuite> <!-- com.Bridgelabz.Facebook_Signup -->
