<?xml version="1.0" encoding="UTF-8"?>
<!-- Generated by org.testng.reporters.JUnitReportReporter -->
<testsuite hostname="LAPTOP-O8GG5075" failures="0" tests="1" name="com.Bridgelabz.Implicit_Await" time="31.588" errors="0" timestamp="2022-07-30T09:19:55 IST" skipped="0">
  <testcase classname="com.Bridgelabz.Implicit_Await" name="implicit" time="31.588"/>
  <system-out/>
</testsuite> <!-- com.Bridgelabz.Implicit_Await -->
