<?xml version="1.0" encoding="UTF-8"?>
<!-- Generated by org.testng.reporters.JUnitReportReporter -->
<testsuite hostname="LAPTOP-O8GG5075" failures="0" tests="1" name="com.Bridgelabz.Facebook_login" time="25.357" errors="0" timestamp="2022-08-04T11:51:14 IST" skipped="0">
  <testcase classname="com.Bridgelabz.Facebook_login" name="login" time="25.357"/>
  <system-out/>
</testsuite> <!-- com.Bridgelabz.Facebook_login -->
