<?xml version="1.0" encoding="UTF-8"?>
<!-- Generated by org.testng.reporters.JUnitReportReporter -->
<testsuite hostname="LAPTOP-O8GG5075" failures="0" tests="1" name="com.Bridgelabz.Take_Screenshot" time="14.819" errors="0" timestamp="2022-07-21T05:47:25 IST" skipped="0">
  <testcase classname="com.Bridgelabz.Take_Screenshot" name="screenshot" time="14.819"/>
  <system-out/>
</testsuite> <!-- com.Bridgelabz.Take_Screenshot -->
