<?xml version="1.0" encoding="UTF-8"?>
<!-- Generated by org.testng.reporters.JUnitReportReporter -->
<testsuite hostname="LAPTOP-O8GG5075" failures="0" tests="1" name="com.Bridgelabz.Download_PopUps" time="10.190" errors="0" timestamp="2022-08-04T12:09:43 IST" skipped="0">
  <testcase classname="com.Bridgelabz.Download_PopUps" name="File_Download_PopUP" time="10.190"/>
  <system-out/>
</testsuite> <!-- com.Bridgelabz.Download_PopUps -->
