<?xml version="1.0" encoding="UTF-8"?>
<!-- Generated by org.testng.reporters.JUnitReportReporter -->
<testsuite hostname="LAPTOP-O8GG5075" failures="0" tests="1" name="com.Bridgelabz.Implicit" time="62.791" errors="0" timestamp="2022-07-30T08:56:04 IST" skipped="0">
  <testcase classname="com.Bridgelabz.Implicit" name="test" time="62.791"/>
  <system-out/>
</testsuite> <!-- com.Bridgelabz.Implicit -->
