<?xml version="1.0" encoding="UTF-8"?>
<!-- Generated by org.testng.reporters.JUnitReportReporter -->
<testsuite hostname="LAPTOP-O8GG5075" failures="0" tests="1" name="com.Bridgelabz.PopUps" time="10.373" errors="0" timestamp="2022-08-03T09:21:45 IST" skipped="0">
  <testcase classname="com.Bridgelabz.PopUps" name="File_Download_PopUP" time="10.373"/>
  <system-out/>
</testsuite> <!-- com.Bridgelabz.PopUps -->
