<?xml version="1.0" encoding="UTF-8"?>
<!-- Generated by org.testng.reporters.JUnitReportReporter -->
<testsuite hostname="LAPTOP-O8GG5075" failures="0" tests="1" name="com.Bridgelabz.Launch_Browser" time="57.175" errors="0" timestamp="2022-07-26T10:29:37 IST" skipped="0">
  <testcase classname="com.Bridgelabz.Launch_Browser" name="launch" time="57.175"/>
  <system-out/>
</testsuite> <!-- com.Bridgelabz.Launch_Browser -->
