<?xml version="1.0" encoding="UTF-8"?>
<!-- Generated by org.testng.reporters.JUnitReportReporter -->
<testsuite hostname="LAPTOP-O8GG5075" failures="0" tests="1" name="com.Bridgelabz.Robot_class" time="23.902" errors="0" timestamp="2022-07-21T05:28:39 IST" skipped="0">
  <testcase classname="com.Bridgelabz.Robot_class" name="mouseKey" time="23.902"/>
  <system-out/>
</testsuite> <!-- com.Bridgelabz.Robot_class -->
