<?xml version="1.0" encoding="UTF-8"?>
<!-- Generated by org.testng.reporters.JUnitReportReporter -->
<testsuite hostname="LAPTOP-O8GG5075" failures="0" tests="1" name="com.Bridgelabz.WebTable" time="0.473" errors="0" timestamp="2022-08-04T12:11:12 IST" skipped="0">
  <testcase classname="com.Bridgelabz.WebTable" name="WebTable_Example" time="0.473"/>
  <system-out/>
</testsuite> <!-- com.Bridgelabz.WebTable -->
