<?xml version="1.0" encoding="UTF-8"?>
<!-- Generated by org.testng.reporters.JUnitReportReporter -->
<testsuite hostname="LAPTOP-O8GG5075" failures="0" tests="1" name="com.Bridgelabz.Expected_Page_Displayed" time="14.443" errors="0" timestamp="2022-07-22T07:03:54 IST" skipped="0">
  <testcase classname="com.Bridgelabz.Expected_Page_Displayed" name="expectedPage" time="14.443"/>
  <system-out/>
</testsuite> <!-- com.Bridgelabz.Expected_Page_Displayed -->
