<?xml version="1.0" encoding="UTF-8"?>
<!-- Generated by org.testng.reporters.JUnitReportReporter -->
<testsuite hostname="LAPTOP-O8GG5075" failures="0" tests="1" name="com.Bridgelabz.User_Input_Method" time="12.955" errors="0" timestamp="2022-07-30T13:07:17 IST" skipped="0">
  <testcase classname="com.Bridgelabz.User_Input_Method" name="launching_Multiple_Browser" time="12.955"/>
  <system-out/>
</testsuite> <!-- com.Bridgelabz.User_Input_Method -->
