<?xml version="1.0" encoding="UTF-8"?>
<!-- Generated by org.testng.reporters.JUnitReportReporter -->
<testsuite hostname="LAPTOP-O8GG5075" failures="0" tests="1" name="com.Bridgelabz.Expilicit_Await" time="23.598" errors="0" timestamp="2022-08-01T09:15:05 IST" skipped="0">
  <testcase classname="com.Bridgelabz.Expilicit_Await" name="explicit" time="23.598"/>
  <system-out/>
</testsuite> <!-- com.Bridgelabz.Expilicit_Await -->
