<?xml version="1.0" encoding="UTF-8"?>
<!-- Generated by org.testng.reporters.JUnitReportReporter -->
<testsuite hostname="LAPTOP-O8GG5075" failures="0" tests="1" name="com.Bridgelabz.Handling_Frames" time="8.824" errors="0" timestamp="2022-07-28T07:49:03 IST" skipped="0">
  <testcase classname="com.Bridgelabz.Handling_Frames" name="frames" time="8.824"/>
  <system-out/>
</testsuite> <!-- com.Bridgelabz.Handling_Frames -->
